# JRE version: Java(TM) SE Runtime Environment (15.0.2+7) (build 15.0.2+7-27)
# Java VM: Java HotSpot(TM) 64-Bit Server VM (15.0.2+7-27, mixed mode, sharing, tiered, compressed oops, g1 gc, windows-amd64)
GC Precious Log:
 CPUs: 4 total, 4 available
 Memory: 3835M
 Large Page Support: Disabled
 NUMA Support: Disabled
 Compressed Oops: Enabled (32-bit)
 Heap Region Size: 1M
 Heap Min Capacity: 8M
 Heap Initial Capacity: 60M
 Heap Max Capacity: 960M
 Pre-touch: Disabled
 Parallel Workers: 4
 Concurrent Workers: 1
 Concurrent Refinement Workers: 4
 Periodic GC: Disabled
Heap:
 garbage-first heap   total 48128K, used 33691K [0x00000000c4000000, 0x0000000100000000)
  region size 1024K, 17 young (17408K), 1 survivors (1024K)
 Metaspace       used 44267K, capacity 44650K, committed 44848K, reserved 1089536K
  class space    used 5390K, capacity 5496K, committed 5504K, reserved 1048576K
GC Heap History (14 events):
Event: 0.148 GC heap before
{Heap before GC invocations=0 (full 0):
 garbage-first heap   total 61440K, used 12288K [0x00000000c4000000, 0x0000000100000000)
  region size 1024K, 13 young (13312K), 0 survivors (0K)
 Metaspace       used 967K, capacity 4582K, committed 4864K, reserved 1056768K
  class space    used 91K, capacity 418K, committed 512K, reserved 1048576K
}
Event: 0.150 GC heap after
{Heap after GC invocations=1 (full 0):
 garbage-first heap   total 61440K, used 1494K [0x00000000c4000000, 0x0000000100000000)
  region size 1024K, 2 young (2048K), 2 survivors (2048K)
 Metaspace       used 967K, capacity 4582K, committed 4864K, reserved 1056768K
  class space    used 91K, capacity 418K, committed 512K, reserved 1048576K
}
Event: 0.183 GC heap before
{Heap before GC invocations=1 (full 0):
 garbage-first heap   total 61440K, used 18902K [0x00000000c4000000, 0x0000000100000000)
  region size 1024K, 20 young (20480K), 2 survivors (2048K)
 Metaspace       used 1168K, capacity 4585K, committed 4864K, reserved 1056768K
  class space    used 112K, capacity 419K, committed 512K, reserved 1048576K
}
Event: 0.185 GC heap after
{Heap after GC invocations=2 (full 0):
 garbage-first heap   total 61440K, used 2247K [0x00000000c4000000, 0x0000000100000000)
  region size 1024K, 3 young (3072K), 3 survivors (3072K)
 Metaspace       used 1168K, capacity 4585K, committed 4864K, reserved 1056768K
  class space    used 112K, capacity 419K, committed 512K, reserved 1048576K
}
Event: 6.773 GC heap before
{Heap before GC invocations=2 (full 0):
 garbage-first heap   total 61440K, used 38087K [0x00000000c4000000, 0x0000000100000000)
  region size 1024K, 36 young (36864K), 3 survivors (3072K)
 Metaspace       used 15295K, capacity 15541K, committed 15744K, reserved 1062912K
  class space    used 1800K, capacity 1890K, committed 1920K, reserved 1048576K
}
Event: 6.784 GC heap after
{Heap after GC invocations=3 (full 0):
 garbage-first heap   total 61440K, used 11160K [0x00000000c4000000, 0x0000000100000000)
  region size 1024K, 5 young (5120K), 5 survivors (5120K)
 Metaspace       used 15295K, capacity 15541K, committed 15744K, reserved 1062912K
  class space    used 1800K, capacity 1890K, committed 1920K, reserved 1048576K
}
Event: 7.461 GC heap before
{Heap before GC invocations=3 (full 0):
 garbage-first heap   total 61440K, used 27544K [0x00000000c4000000, 0x0000000100000000)
  region size 1024K, 23 young (23552K), 5 survivors (5120K)
 Metaspace       used 20880K, capacity 21113K, committed 21296K, reserved 1069056K
  class space    used 2516K, capacity 2612K, committed 2688K, reserved 1048576K
}
Event: 7.465 GC heap after
{Heap after GC invocations=4 (full 0):
 garbage-first heap   total 61440K, used 12478K [0x00000000c4000000, 0x0000000100000000)
  region size 1024K, 2 young (2048K), 2 survivors (2048K)
 Metaspace       used 20880K, capacity 21113K, committed 21296K, reserved 1069056K
  class space    used 2516K, capacity 2612K, committed 2688K, reserved 1048576K
}
Event: 8.612 GC heap before
{Heap before GC invocations=5 (full 0):
 garbage-first heap   total 48128K, used 41150K [0x00000000c4000000, 0x0000000100000000)
  region size 1024K, 30 young (30720K), 2 survivors (2048K)
 Metaspace       used 30244K, capacity 30547K, committed 30768K, reserved 1077248K
  class space    used 3749K, capacity 3875K, committed 3968K, reserved 1048576K
}
Event: 8.616 GC heap after
{Heap after GC invocations=6 (full 0):
 garbage-first heap   total 48128K, used 15650K [0x00000000c4000000, 0x0000000100000000)
  region size 1024K, 4 young (4096K), 4 survivors (4096K)
 Metaspace       used 30244K, capacity 30547K, committed 30768K, reserved 1077248K
  class space    used 3749K, capacity 3875K, committed 3968K, reserved 1048576K
}
Event: 9.282 GC heap before
{Heap before GC invocations=6 (full 0):
 garbage-first heap   total 48128K, used 29986K [0x00000000c4000000, 0x0000000100000000)
  region size 1024K, 19 young (19456K), 4 survivors (4096K)
 Metaspace       used 35311K, capacity 35654K, committed 35888K, reserved 1081344K
  class space    used 4368K, capacity 4463K, committed 4480K, reserved 1048576K
}
Event: 9.287 GC heap after
{Heap after GC invocations=7 (full 0):
 garbage-first heap   total 48128K, used 17593K [0x00000000c4000000, 0x0000000100000000)
  region size 1024K, 2 young (2048K), 2 survivors (2048K)
 Metaspace       used 35311K, capacity 35654K, committed 35888K, reserved 1081344K
  class space    used 4368K, capacity 4463K, committed 4480K, reserved 1048576K
}
Event: 9.763 GC heap before
{Heap before GC invocations=8 (full 0):
 garbage-first heap   total 48128K, used 35001K [0x00000000c4000000, 0x0000000100000000)
  region size 1024K, 19 young (19456K), 2 survivors (2048K)
 Metaspace       used 39961K, capacity 40274K, committed 40368K, reserved 1085440K
  class space    used 4939K, capacity 5042K, committed 5120K, reserved 1048576K
}
Event: 9.766 GC heap after
{Heap after GC invocations=9 (full 0):
 garbage-first heap   total 48128K, used 18331K [0x00000000c4000000, 0x0000000100000000)
  region size 1024K, 1 young (1024K), 1 survivors (1024K)
 Metaspace       used 39961K, capacity 40274K, committed 40368K, reserved 1085440K
  class space    used 4939K, capacity 5042K, committed 5120K, reserved 1048576K
}

